<?xml version="1.0" encoding="UTF-8"?>
<!-- Generated by org.testng.reporters.JUnitXMLReporter -->
<testsuite ignored="0" hostname="DESKTOP-KH9MIFS" failures="1" tests="1" name="Test" time="44.317" errors="0" timestamp="2025-06-30T11:21:27 IST">
  <testcase classname="tests.LoginTest" name="myLoginTest" time="44.13">
    <failure type="junit.framework.ComparisonFailure" message="expected:&amp;lt;...ex&amp;gt; but was:&amp;lt;...&amp;gt;">
      <![CDATA[junit.framework.ComparisonFailure: expected:<...ex> but was:<...>
at junit.framework.Assert.assertEquals(Assert.java:81)
at junit.framework.Assert.assertEquals(Assert.java:87)
at tests.LoginTest.myLoginTest(LoginTest.java:30)
at java.base/java.util.ArrayList.forEach(ArrayList.java:1597)
... Removed 25 stack frames]]>
    </failure>
  </testcase> <!-- myLoginTest -->
</testsuite> <!-- Test -->
